1**********************************************************************
               finite impulse response (fir)
             linear phase digital filter design
                 remes exchange algorithm
                      bandpass filter

                    filter length =  75

               ***** impulse response *****
             h( 1) = -0.46816014E-04 = h( 75)
             h( 2) = -0.10864360E-03 = h( 74)
             h( 3) = -0.22643294E-03 = h( 73)
             h( 4) = -0.39575947E-03 = h( 72)
             h( 5) = -0.63074206E-03 = h( 71)
             h( 6) = -0.91019203E-03 = h( 70)
             h( 7) = -0.12304847E-02 = h( 69)
             h( 8) = -0.14426442E-02 = h( 68)
             h( 9) = -0.15709361E-02 = h( 67)
             h(10) = -0.14650816E-02 = h( 66)
             h(11) = -0.10816611E-02 = h( 65)
             h(12) = -0.32944497E-03 = h( 64)
             h(13) =  0.76628075E-03 = h( 63)
             h(14) =  0.22193098E-02 = h( 62)
             h(15) =  0.37020319E-02 = h( 61)
             h(16) =  0.51619015E-02 = h( 60)
             h(17) =  0.61910073E-02 = h( 59)
             h(18) =  0.65386863E-02 = h( 58)
             h(19) =  0.58415034E-02 = h( 57)
             h(20) =  0.39687627E-02 = h( 56)
             h(21) =  0.72936184E-03 = h( 55)
             h(22) = -0.34247700E-02 = h( 54)
             h(23) = -0.83363960E-02 = h( 53)
             h(24) = -0.13194537E-01 = h( 52)
             h(25) = -0.17264420E-01 = h( 51)
             h(26) = -0.19496426E-01 = h( 50)
             h(27) = -0.19084319E-01 = h( 49)
             h(28) = -0.15032342E-01 = h( 48)
             h(29) = -0.72402139E-02 = h( 47)
             h(30) =  0.46680556E-02 = h( 46)
             h(31) =  0.20091552E-01 = h( 45)
             h(32) =  0.38271308E-01 = h( 44)
             h(33) =  0.57760254E-01 = h( 43)
             h(34) =  0.77116184E-01 = h( 42)
             h(35) =  0.94321519E-01 = h( 41)
             h(36) =  0.10816670E+00 = h( 40)
             h(37) =  0.11698016E+00 = h( 39)
             h(38) =  0.12006887E+00 = h( 38)
                        band  1       band  2       band  3       band  4
  lower band edge     0.0000000     0.0952381     0.2380952     0.3809524
  upper band edge     0.0396825     0.1904762     0.3333333     0.4761905
  desired value       1.0000000     0.0000000     0.0000000     0.0000000
  weighting           1.0000000   600.0000000   600.0000000   600.0000000
  deviation           0.0047330     0.0000079     0.0000079     0.0000079
  deviation in db     0.0410130  -102.0602570  -102.0602570  -102.0602570
